0 info it worked if it ends with ok
1 verbose cli [ '/home/ubuntu/.nvm/v0.10.35/bin/node',
1 verbose cli   '/home/ubuntu/.nvm/v0.10.35/bin/npm',
1 verbose cli   'install',
1 verbose cli   'undescore',
1 verbose cli   '--save]' ]
2 info using npm@1.4.28
3 info using node@v0.10.35
4 warn package.json compilador-sample@0.0.0 No repository field.
5 verbose readDependencies using package.json deps
6 verbose cache add [ 'undescore', null ]
7 verbose cache add name=undefined spec="undescore" args=["undescore",null]
8 verbose parsed url { protocol: null,
8 verbose parsed url   slashes: null,
8 verbose parsed url   auth: null,
8 verbose parsed url   host: null,
8 verbose parsed url   port: null,
8 verbose parsed url   hostname: null,
8 verbose parsed url   hash: null,
8 verbose parsed url   search: null,
8 verbose parsed url   query: null,
8 verbose parsed url   pathname: 'undescore',
8 verbose parsed url   path: 'undescore',
8 verbose parsed url   href: 'undescore' }
9 silly lockFile f8c729fc-undescore undescore
10 verbose lock undescore /home/ubuntu/.npm/f8c729fc-undescore.lock
11 silly lockFile f8c729fc-undescore undescore
12 silly lockFile f8c729fc-undescore undescore
13 verbose addNamed [ 'undescore', '' ]
14 verbose addNamed [ null, '*' ]
15 silly lockFile 89b0aac4-undescore undescore@
16 verbose lock undescore@ /home/ubuntu/.npm/89b0aac4-undescore.lock
17 silly addNameRange { name: 'undescore', range: '*', hasData: false }
18 verbose request where is /undescore
19 verbose request registry https://registry.npmjs.org/
20 verbose request id 47a3d2c5ad14df34
21 verbose url raw /undescore
22 verbose url resolving [ 'https://registry.npmjs.org/', './undescore' ]
23 verbose url resolved https://registry.npmjs.org/undescore
24 verbose request where is https://registry.npmjs.org/undescore
25 info trying registry request attempt 1 at 21:52:20
26 http GET https://registry.npmjs.org/undescore
27 http 404 https://registry.npmjs.org/undescore
28 verbose headers { server: 'CouchDB/1.5.0 (Erlang OTP/R16B03)',
28 verbose headers   'content-type': 'application/json',
28 verbose headers   'cache-control': 'max-age=0',
28 verbose headers   'content-length': '51',
28 verbose headers   'accept-ranges': 'bytes',
28 verbose headers   date: 'Fri, 22 May 2015 21:52:20 GMT',
28 verbose headers   via: '1.1 varnish',
28 verbose headers   age: '0',
28 verbose headers   connection: 'keep-alive',
28 verbose headers   'x-served-by': 'cache-atl6225-ATL',
28 verbose headers   'x-cache': 'MISS',
28 verbose headers   'x-cache-hits': '0',
28 verbose headers   'x-timer': 'S1432331540.311351,VS0,VE120' }
29 silly registry.get cb [ 404,
29 silly registry.get   { server: 'CouchDB/1.5.0 (Erlang OTP/R16B03)',
29 silly registry.get     'content-type': 'application/json',
29 silly registry.get     'cache-control': 'max-age=0',
29 silly registry.get     'content-length': '51',
29 silly registry.get     'accept-ranges': 'bytes',
29 silly registry.get     date: 'Fri, 22 May 2015 21:52:20 GMT',
29 silly registry.get     via: '1.1 varnish',
29 silly registry.get     age: '0',
29 silly registry.get     connection: 'keep-alive',
29 silly registry.get     'x-served-by': 'cache-atl6225-ATL',
29 silly registry.get     'x-cache': 'MISS',
29 silly registry.get     'x-cache-hits': '0',
29 silly registry.get     'x-timer': 'S1432331540.311351,VS0,VE120' } ]
30 silly lockFile 89b0aac4-undescore undescore@
31 silly lockFile 89b0aac4-undescore undescore@
32 error 404 404 Not Found: undescore
32 error 404
32 error 404 'undescore' is not in the npm registry.
32 error 404 You should bug the author to publish it
32 error 404 It was specified as a dependency of 'compilador-sample'
32 error 404
32 error 404 Note that you can also install from a
32 error 404 tarball, folder, or http url, or git url.
33 error System Linux 3.14.13-c9
34 error command "/home/ubuntu/.nvm/v0.10.35/bin/node" "/home/ubuntu/.nvm/v0.10.35/bin/npm" "install" "undescore" "--save]"
35 error cwd /home/ubuntu/workspace
36 error node -v v0.10.35
37 error npm -v 1.4.28
38 error code E404
39 verbose exit [ 1, true ]
